\BOOKMARK [0][-]{Doc-Start}{\376\377\004\045\004\103\004\100\004\060\004\060\004\075\004\063\004\103\004\071}{}% 1
\BOOKMARK [0][-]{Doc-Start}{\376\377\000A\000b\000s\000t\000r\000a\000c\000t}{}% 2
\BOOKMARK [0][-]{dummy.1}{\376\377\004\023\004\060\004\100\004\107\004\070\004\063}{}% 3
\BOOKMARK [0][-]{dummy.3}{\376\377\004\027\004\103\004\100\004\060\004\063\000\040\004\061\004\076\004\073\004\076\004\075\000\040\004\045\004\257\004\101\004\075\004\115\004\063\004\102\004\070\004\071\004\075\000\040\004\066\004\060\004\063\004\101\004\060\004\060\004\073\004\102}{}% 4
\BOOKMARK [0][-]{chapter*.4}{\376\377\004\042\004\036\004\022\004\047\004\030\004\033\004\041\004\036\004\035\000\040\004\256\004\023\004\030\004\031\004\035\000\040\004\026\004\020\004\023\004\041\004\020\004\020\004\033\004\042}{}% 5
\BOOKMARK [0][-]{chapter.5}{\376\377\0001\000\040\004\043\004\024\004\030\004\040\004\042\004\023\004\020\004\033}{}% 6
\BOOKMARK [1][-]{section.6}{\376\377\0001\000.\0001\000\040\004\041\004\103\004\064\004\060\004\073\004\063\004\060\004\060\004\075\004\113\000\040\004\257\004\075\004\064\004\115\004\101\004\073\004\115\004\073\000,\000\040\004\060\004\107\000\040\004\105\004\076\004\073\004\061\004\076\004\063\004\064\004\076\004\073}{chapter.5}% 7
\BOOKMARK [1][-]{section.7}{\376\377\0001\000.\0002\000\040\004\041\004\103\004\064\004\060\004\073\004\063\004\060\004\060\004\075\004\113\000\040\004\067\004\076\004\100\004\070\004\073\004\063\004\076\000,\000\040\004\067\004\076\004\100\004\070\004\073\004\102}{chapter.5}% 8
\BOOKMARK [2][-]{subsection.8}{\376\377\0001\000.\0002\000.\0001\000\040\004\027\004\076\004\100\004\070\004\073\004\063\004\076}{section.7}% 9
\BOOKMARK [2][-]{subsection.9}{\376\377\0001\000.\0002\000.\0002\000\040\004\027\004\076\004\100\004\070\004\073\004\102\004\103\004\103\004\064}{section.7}% 10
\BOOKMARK [1][-]{section.16}{\376\377\0001\000.\0003\000\040\004\041\004\103\004\064\004\060\004\073\004\063\004\060\004\060\004\075\004\113\000\040\004\105\004\060\004\074\004\100\004\060\004\105\000\040\004\105\004\257\004\100\004\115\004\115}{chapter.5}% 11
\BOOKMARK [1][-]{section.17}{\376\377\0001\000.\0004\000\040\004\041\004\103\004\064\004\060\004\073\004\063\004\060\004\060\004\075\004\113\000\040\004\110\004\070\004\075\004\115\004\073\004\115\004\063\000\040\004\102\004\060\004\073}{chapter.5}% 12
\BOOKMARK [0][-]{chapter.22}{\376\377\0002\000\040\004\036\004\035\004\036\004\033\004\053\004\035\000\040\004\256\004\035\004\024\004\055\004\041\004\033\004\055\004\033}{}% 13
\BOOKMARK [1][-]{section.23}{\376\377\0002\000.\0001\000\040\0003\000D\000\040\000R\000e\000c\000o\000n\000s\000t\000r\000u\000c\000t\000i\000o\000n\000\040\040\023\000\040\004\256\004\075\004\064\004\101\004\115\004\075\000\040\004\076\004\071\004\073\004\063\004\076\004\073\004\102}{chapter.22}% 14
\BOOKMARK [2][-]{subsection.24}{\376\377\0002\000.\0001\000.\0001\000\040\000S\000t\000r\000u\000c\000t\000u\000r\000e\000-\000f\000r\000o\000m\000-\000M\000o\000t\000i\000o\000n\000\040\000\050\000S\000f\000M\000\051}{section.23}% 15
\BOOKMARK [2][-]{subsection.25}{\376\377\0002\000.\0001\000.\0002\000\040\000M\000u\000l\000t\000i\000-\000V\000i\000e\000w\000\040\000S\000t\000e\000r\000e\000o\000\040\000\050\000M\000V\000S\000\051}{section.23}% 16
\BOOKMARK [1][-]{section.26}{\376\377\0002\000.\0002\000\040\004\256\004\075\004\064\004\101\004\115\004\075\000\040\004\060\004\073\004\063\004\076\004\100\004\070\004\102\004\074\004\103\004\103\004\064}{chapter.22}% 17
\BOOKMARK [2][-]{subsection.27}{\376\377\0002\000.\0002\000.\0001\000\040\000F\000e\000a\000t\000u\000r\000e\000\040\000E\000x\000t\000r\000a\000c\000t\000i\000o\000n}{section.26}% 18
\BOOKMARK [2][-]{subsection.32}{\376\377\0002\000.\0002\000.\0002\000\040\000F\000e\000a\000t\000u\000r\000e\000\040\000M\000a\000t\000c\000h\000i\000n\000g}{section.26}% 19
\BOOKMARK [2][-]{subsection.33}{\376\377\0002\000.\0002\000.\0003\000\040\000D\000e\000p\000t\000h\000\040\000E\000s\000t\000i\000m\000a\000t\000i\000o\000n}{section.26}% 20
\BOOKMARK [2][-]{subsection.37}{\376\377\0002\000.\0002\000.\0004\000\040\000B\000u\000n\000d\000l\000e\000\040\000A\000d\000j\000u\000s\000t\000m\000e\000n\000t}{section.26}% 21
\BOOKMARK [2][-]{subsection.38}{\376\377\0002\000.\0002\000.\0005\000\040\000M\000e\000s\000h\000\040\000G\000e\000n\000e\000r\000a\000t\000i\000o\000n}{section.26}% 22
\BOOKMARK [2][-]{subsection.39}{\376\377\0002\000.\0002\000.\0006\000\040\000T\000e\000x\000t\000u\000r\000e\000\040\000M\000a\000p\000p\000i\000n\000g}{section.26}% 23
\BOOKMARK [1][-]{section.40}{\376\377\0002\000.\0003\000\040\004\045\004\076\004\073\004\061\004\076\004\063\004\064\004\076\004\105\000\040\004\101\004\103\004\064\004\060\004\073\004\063\004\060\004\060\004\075\004\113\000\040\004\102\004\076\004\071\004\074}{chapter.22}% 24
\BOOKMARK [2][-]{subsection.41}{\376\377\0002\000.\0003\000.\0001\000\040\004\043\004\073\004\060\004\074\004\066\004\073\004\060\004\073\004\102\000\040\000S\000f\000M\000\040\004\061\004\076\004\073\004\076\004\075\000\040\000M\000V\000S\000\040\004\060\004\100\004\063\004\103\004\103\004\064}{section.40}% 25
\BOOKMARK [2][-]{subsection.42}{\376\377\0002\000.\0003\000.\0002\000\040\004\035\004\117\004\063\004\102\000\040\004\100\004\065\004\072\004\076\004\075\004\101\004\102\004\100\004\103\004\072\004\106\004\070\004\071\004\075\000\040\004\060\004\100\004\063\004\103\004\103\004\064}{section.40}% 26
\BOOKMARK [2][-]{subsection.43}{\376\377\0002\000.\0003\000.\0003\000\040\004\023\004\257\004\075\000\040\004\101\004\103\004\100\004\063\004\060\004\073\004\102\004\060\004\064\000\040\004\101\004\103\004\103\004\100\004\070\004\073\004\101\004\060\004\075\000\040\004\060\004\100\004\063\004\103\004\103\004\064}{section.40}% 27
\BOOKMARK [2][-]{subsection.44}{\376\377\0002\000.\0003\000.\0004\000\040\004\020\004\100\004\063\004\103\004\103\004\064\004\113\004\075\000\040\004\105\004\060\004\100\004\114\004\106\004\103\004\103\004\073\004\060\004\073\004\102}{section.40}% 28
\BOOKMARK [1][-]{section.46}{\376\377\0002\000.\0004\000\040\004\021\004\257\004\073\004\063\004\070\004\071\004\075\000\040\004\064\004\257\004\063\004\075\004\115\004\073\004\102}{chapter.22}% 29
\BOOKMARK [0][-]{chapter.47}{\376\377\0003\000\040\004\041\004\043\004\024\004\020\004\033\004\023\004\020\004\020\004\035\004\053\000\040\004\020\004\040\004\023\004\020\000\040\004\027\004\256\004\031}{}% 30
\BOOKMARK [1][-]{section.48}{\376\377\0003\000.\0001\000\040\004\041\004\070\004\101\004\102\004\065\004\074\004\070\004\071\004\075\000\040\004\065\004\100\004\351\004\075\004\105\004\070\004\071\000\040\004\102\004\076\004\071\004\074}{chapter.47}% 31
\BOOKMARK [2][-]{subsection.49}{\376\377\0003\000.\0001\000.\0001\000\040\004\041\004\070\004\101\004\102\004\065\004\074\004\070\004\071\004\075\000\040\000F\000l\000o\000w\000\040\000D\000i\000a\000g\000r\000a\000m}{section.48}% 32
\BOOKMARK [2][-]{subsection.51}{\376\377\0003\000.\0001\000.\0002\000\040\004\350\004\063\004\351\004\063\004\064\004\351\004\073\000\040\004\106\004\103\004\063\004\073\004\103\004\103\004\073\004\060\004\105\000\040\004\060\004\100\004\063\004\060}{section.48}% 33
\BOOKMARK [2][-]{subsection.53}{\376\377\0003\000.\0001\000.\0003\000\040\004\043\004\100\004\114\004\064\004\107\004\070\004\073\004\101\004\060\004\075\000\040\004\061\004\076\004\073\004\076\004\062\004\101\004\100\004\103\004\103\004\073\004\060\004\073\004\102}{section.48}% 34
\BOOKMARK [2][-]{subsection.54}{\376\377\0003\000.\0001\000.\0004\000\040\004\044\004\070\004\107\004\065\004\100\000\040\004\070\004\073\004\100\004\257\004\257\004\073\004\115\004\073\004\102\000\040\004\061\004\060\000\040\004\102\004\076\004\105\004\070\004\100\004\076\004\073\004\102\000\040\000\050\000S\000I\000F\000T\000\051}{section.48}% 35
\BOOKMARK [2][-]{subsection.55}{\376\377\0003\000.\0001\000.\0005\000\040\004\032\004\060\004\074\004\065\004\100\004\113\004\075\000\040\004\077\004\060\004\100\004\060\004\074\004\065\004\102\004\100\000\040\004\102\004\076\004\076\004\106\004\076\004\076\004\073\004\076\004\073}{section.48}% 36
\BOOKMARK [2][-]{subsection.57}{\376\377\0003\000.\0001\000.\0006\000\040\000S\000t\000r\000u\000c\000t\000u\000r\000e\000-\000f\000r\000o\000m\000-\000M\000o\000t\000i\000o\000n\000\040\000\050\000S\000f\000M\000\051}{section.48}% 37
\BOOKMARK [2][-]{subsection.58}{\376\377\0003\000.\0001\000.\0007\000\040\000M\000u\000l\000t\000i\000-\000V\000i\000e\000w\000\040\000S\000t\000e\000r\000e\000o\000\040\000\050\000M\000V\000S\000\051}{section.48}% 38
\BOOKMARK [2][-]{subsection.59}{\376\377\0003\000.\0001\000.\0008\000\040\000P\000o\000i\000n\000t\000\040\000C\000l\000o\000u\000d\000\040\004\106\004\115\004\062\004\115\004\100\004\073\004\115\004\063\004\115\004\115\000\040\004\061\004\060\000\040\004\110\004\257\004\257\004\073\004\102}{section.48}% 39
\BOOKMARK [2][-]{subsection.60}{\376\377\0003\000.\0001\000.\0009\000\040\000M\000e\000s\000h\000\040\000R\000e\000c\000o\000n\000s\000t\000r\000u\000c\000t\000i\000o\000n}{section.48}% 40
\BOOKMARK [2][-]{subsection.61}{\376\377\0003\000.\0001\000.\0001\0000\000\040\004\023\004\257\004\071\004\106\004\115\004\102\004\063\004\115\004\073\000\040\004\061\004\060\000\040\004\257\004\075\004\115\004\073\004\063\004\115\004\115\004\075\004\070\004\071\000\040\004\060\004\100\004\063\004\060}{section.48}% 41
\BOOKMARK [2][-]{subsection.63}{\376\377\0003\000.\0001\000.\0001\0001\000\040\004\042\004\103\004\100\004\110\004\070\004\073\004\102\004\113\004\075\000\040\004\076\004\100\004\107\004\070\004\075}{section.48}% 42
\BOOKMARK [2][-]{subsection.64}{\376\377\0003\000.\0001\000.\0001\0002\000\040\004\037\004\100\004\076\004\063\004\100\004\060\004\074\000\040\004\105\004\060\004\075\004\063\004\060\004\074\004\066\004\070\004\071\004\075\000\040\004\060\004\100\004\105\004\070\004\102\004\065\004\072\004\102\004\103\004\100}{section.48}% 43
\BOOKMARK [0][-]{chapter.68}{\376\377\0004\000\040\004\256\004\040\000\040\004\024\004\256\004\035}{}% 44
\BOOKMARK [1][-]{section.69}{\376\377\0004\000.\0001\000\040\000P\000i\000p\000e\000l\000i\000n\000e\000\040\004\061\004\076\004\073\004\076\004\075\000\040\000G\000U\000I\000\040\004\077\004\100\004\076\004\063\004\100\004\060\004\074\004\113\004\075\000\040\004\257\004\100\000\040\004\064\004\257\004\075}{chapter.68}% 45
\BOOKMARK [1][-]{section.79}{\376\377\0004\000.\0002\000\040\004\350\004\063\004\351\004\063\004\064\004\073\004\070\004\071\004\075\000\040\004\106\004\103\004\063\004\073\004\103\004\103\004\073\004\063\004\113\004\075\000\040\004\257\004\100\000\040\004\064\004\257\004\075}{chapter.68}% 46
\BOOKMARK [1][-]{section.82}{\376\377\0004\000.\0003\000\040\000M\000u\000l\000t\000i\000-\000V\000i\000e\000w\000\040\000S\000t\000e\000r\000e\000o\000\040\000\050\000M\000V\000S\000\051\000-\004\070\004\071\004\075\000\040\004\257\004\100\000\040\004\064\004\257\004\075}{chapter.68}% 47
\BOOKMARK [1][-]{section.86}{\376\377\0004\000.\0004\000\040\004\023\004\060\004\100\004\060\004\060\004\100\000\040\004\105\004\070\004\071\004\101\004\115\004\075\000\040\004\061\004\076\004\073\004\076\004\075\000\040\004\060\004\062\004\102\004\076\004\074\004\060\004\102\000\040\000p\000i\000p\000e\000l\000i\000n\000e\000-\004\070\004\071\004\075\000\040\004\063\004\060\004\100\004\060\004\073\004\102\004\113\004\075\000\040\004\105\004\060\004\100\004\114\004\106\004\103\004\103\004\073\004\060\004\073\004\102}{chapter.68}% 48
\BOOKMARK [1][-]{section.89}{\376\377\0004\000.\0005\000\040\004\042\004\103\004\100\004\110\004\070\004\073\004\102\004\113\004\075\000\040\004\257\004\100\000\040\004\064\004\257\004\075\000:\000\040\000M\000a\000t\000c\000h\000i\000n\000g\000\040\004\077\004\060\004\100\004\060\004\074\004\065\004\102\004\100\004\257\004\257\004\064\004\070\004\071\004\075\000\040\004\075\004\060\004\100\004\070\004\071\004\062\004\107\004\073\004\060\004\073\004\064\000\040\004\257\004\067\004\257\004\257\004\073\004\115\004\105\000\040\004\075\004\351\004\073\004\351\004\351}{chapter.68}% 49
\BOOKMARK [2][-]{subsection.90}{\376\377\0004\000.\0005\000.\0001\000\040\0001\000-\004\100\000\040\004\102\004\103\004\100\004\110\004\070\004\073\004\102\000:\000\040\000M\000a\000t\000c\000h\000e\000r\000\040\004\061\004\076\004\073\004\076\004\075\000\040\004\067\004\103\004\100\004\063\004\070\004\071\004\075\000\040\004\105\004\076\004\101\004\073\004\076\004\073\004\113\004\075\000\040\004\060\004\100\004\063\004\113\004\075\000\040\004\105\004\060\004\100\004\114\004\106\004\103\004\103\004\073\004\060\004\073\004\102}{section.89}% 50
\BOOKMARK [2][-]{subsection.97}{\376\377\0004\000.\0005\000.\0002\000\040\0002\000-\004\100\000\040\004\102\004\103\004\100\004\110\004\070\004\073\004\102\000:\000\040\000S\000e\000q\000u\000e\000n\000t\000i\000a\000l\000\040\000m\000a\000t\000c\000h\000i\000n\000g\000-\004\070\004\071\004\075\000\040\000o\000v\000e\000r\000l\000a\000p\000\040\004\077\004\060\004\100\004\060\004\074\004\065\004\102\004\100\004\070\004\071\004\075\000\040\004\075\004\060\004\100\004\070\004\071\004\062\004\107\004\073\004\060\004\073\004\064\000\040\004\257\004\067\004\257\004\257\004\073\004\115\004\105\000\040\004\075\004\351\004\073\004\351\004\351}{section.89}% 51
\BOOKMARK [2][-]{subsection.104}{\376\377\0004\000.\0005\000.\0003\000\040\0003\000-\004\100\000\040\004\102\004\103\004\100\004\110\004\070\004\073\004\102\000:\000\040\004\022\004\070\004\064\004\065\004\076\000\040\004\064\004\060\004\105\004\114\000\040\004\104\004\100\004\065\004\071\004\074\004\070\004\071\004\075\000\040\004\101\004\076\004\075\004\063\004\076\004\073\004\102\004\113\004\075\000\040\004\064\004\060\004\062\004\102\004\060\004\074\004\066\000\040\004\061\004\076\004\073\004\076\004\075\000\040\004\100\004\065\004\072\004\076\004\075\004\101\004\102\004\100\004\103\004\072\004\106\004\070\004\071\004\075\000\040\004\107\004\060\004\075\004\060\004\100\004\113\004\075\000\040\004\105\004\060\004\074\004\060\004\060\004\100\004\060\004\073}{section.89}% 52
\BOOKMARK [3][-]{paragraph*.112}{\376\377\004\020\004\100\004\063\004\060\000\040\004\067\004\257\004\071\004\075\000\040\004\102\004\060\004\071\004\073\004\061\004\060\004\100\000.}{subsection.104}% 53
\BOOKMARK [0][-]{chapter.113}{\376\377\0005\000\040\004\024\004\256\004\023\004\035\004\055\004\033\004\042}{}% 54
\BOOKMARK [1][-]{section.114}{\376\377\0005\000.\0001\000\040\004\041\004\103\004\064\004\060\004\073\004\063\004\060\004\060\004\075\004\113\000\040\004\257\004\100\000\040\004\064\004\257\004\075\004\063\004\070\004\071\004\075\000\040\004\075\004\115\004\063\004\102\004\063\004\115\004\073}{chapter.113}% 55
\BOOKMARK [2][-]{subsection.115}{\376\377\0005\000.\0001\000.\0001\000\040\004\042\004\065\004\105\004\075\004\070\004\072\004\070\004\071\004\075\000\040\004\257\004\100\000\040\004\064\004\257\004\075}{section.114}% 56
\BOOKMARK [2][-]{subsection.117}{\376\377\0005\000.\0001\000.\0002\000\040\004\042\004\351\004\105\004\351\004\351\004\100\004\351\004\074\004\066\004\070\004\071\004\075\000\040\004\257\004\100\000\040\004\064\004\257\004\075}{section.114}% 57
\BOOKMARK [2][-]{subsection.119}{\376\377\0005\000.\0001\000.\0003\000\040\004\027\004\076\004\100\004\070\004\073\004\102\004\113\004\075\000\040\004\061\004\070\004\065\004\073\004\115\004\073\004\102}{section.114}% 58
\BOOKMARK [1][-]{section.121}{\376\377\0005\000.\0002\000\040\004\050\004\070\004\075\004\115\004\073\004\115\004\063\000\040\004\105\004\103\004\062\004\114\000\040\004\075\004\115\004\074\004\115\004\100}{chapter.113}% 59
\BOOKMARK [1][-]{section.125}{\376\377\0005\000.\0003\000\040\004\045\004\117\004\067\004\063\004\060\004\060\004\100\004\073\004\060\004\073\004\102}{chapter.113}% 60
\BOOKMARK [1][-]{section.130}{\376\377\0005\000.\0004\000\040\004\046\004\060\004\060\004\110\004\064\004\113\004\075\000\040\004\101\004\103\004\064\004\060\004\073\004\063\004\060\004\060\004\075\004\113\000\040\004\107\004\070\004\063\004\073\004\115\004\073}{chapter.113}% 61
\BOOKMARK [1][-]{section.135}{\376\377\0005\000.\0005\000\040\004\042\004\351\004\063\004\101\004\063\004\351\004\073\004\070\004\071\004\075\000\040\004\257\004\063}{chapter.113}% 62
\BOOKMARK [0][-]{chapter*.136}{\376\377\004\035\004\076\004\074\000\040\004\067\004\257\004\071}{}% 63
\BOOKMARK [0][-]{dummy.137}{\376\377\004\042\004\060\004\073\004\060\004\100\004\105\004\060\004\073}{}% 64
\BOOKMARK [0][-]{dummy.139}{\376\377\004\042\004\076\004\062\004\107\004\073\004\076\004\073}{}% 65
\BOOKMARK [0][-]{dummy.153}{\376\377\000S\000u\000m\000m\000a\000r\000y\000\040\000\050\000E\000n\000g\000l\000i\000s\000h\000\051}{}% 66
